2025-11-01 15:52:02,956 - INFO - 高级文件清理工具启动
2025-11-01 15:52:18,262 - INFO - [无后缀] 选择扫描目录: E:\Study\大三上\个人事务\软考报名\mp.weixin.qq.com-1761982564768
2025-11-01 15:52:20,231 - INFO - [无后缀] 开始扫描无后缀文件: E:\Study\大三上\个人事务\软考报名\mp.weixin.qq.com-1761982564768
2025-11-01 15:52:20,243 - INFO - [无后缀] 扫描完成，找到 16 个无后缀文件
2025-11-01 15:52:31,124 - INFO - [无后缀] 开始删除操作...
2025-11-01 15:52:31,125 - INFO - ✓ [无后缀] 永久删除成功: 0
2025-11-01 15:52:31,136 - INFO - ✓ [无后缀] 永久删除成功: 300
2025-11-01 15:52:31,137 - INFO - ✓ [无后缀] 永久删除成功: 640
2025-11-01 15:52:31,138 - INFO - ✓ [无后缀] 永久删除成功: 640_1
2025-11-01 15:52:31,138 - INFO - ✓ [无后缀] 永久删除成功: 640_10
2025-11-01 15:52:31,139 - INFO - ✓ [无后缀] 永久删除成功: 640_11
2025-11-01 15:52:31,140 - INFO - ✓ [无后缀] 永久删除成功: 640_12
2025-11-01 15:52:31,145 - INFO - ✓ [无后缀] 永久删除成功: 640_13
2025-11-01 15:52:31,146 - INFO - ✓ [无后缀] 永久删除成功: 640_2
2025-11-01 15:52:31,147 - INFO - ✓ [无后缀] 永久删除成功: 640_3
2025-11-01 15:52:31,148 - INFO - ✓ [无后缀] 永久删除成功: 640_4
2025-11-01 15:52:31,149 - INFO - ✓ [无后缀] 永久删除成功: 640_5
2025-11-01 15:52:31,150 - INFO - ✓ [无后缀] 永久删除成功: 640_6
2025-11-01 15:52:31,150 - INFO - ✓ [无后缀] 永久删除成功: 640_7
2025-11-01 15:52:31,151 - INFO - ✓ [无后缀] 永久删除成功: 640_8
2025-11-01 15:52:31,152 - INFO - ✓ [无后缀] 永久删除成功: 640_9
2025-11-01 15:52:36,911 - INFO - [无后缀] 删除操作完成 - 成功: 16, 失败: 0
