2025-11-01 15:43:43,658 - INFO - 应用程序启动
2025-11-01 15:45:10,233 - INFO - 选择文件夹: E:\Study\大三上\个人事务\软考报名\mp.weixin.qq.com-1761982564768
2025-11-01 15:45:12,834 - INFO - 开始扫描文件夹: E:\Study\大三上\个人事务\软考报名\mp.weixin.qq.com-1761982564768
2025-11-01 15:45:12,837 - INFO - 目标后缀: .txt, .log, .tmp
2025-11-01 15:45:12,849 - INFO - 未找到匹配的文件
2025-11-01 15:45:22,709 - INFO - 开始扫描文件夹: E:\Study\大三上\个人事务\软考报名\mp.weixin.qq.com-1761982564768
2025-11-01 15:45:22,711 - INFO - 目标后缀: .webp
2025-11-01 15:45:22,749 - INFO - 扫描完成，找到 47 个文件
2025-11-01 15:46:07,796 - INFO - 开始删除文件...
2025-11-01 15:46:07,798 - INFO - ✓ 删除成功: 640.webp
2025-11-01 15:46:07,803 - INFO - ✓ 删除成功: 640_1.webp
2025-11-01 15:46:07,804 - INFO - ✓ 删除成功: 640_10.webp
2025-11-01 15:46:07,805 - INFO - ✓ 删除成功: 640_11.webp
2025-11-01 15:46:07,807 - INFO - ✓ 删除成功: 640_12.webp
2025-11-01 15:46:07,808 - INFO - ✓ 删除成功: 640_13.webp
2025-11-01 15:46:07,809 - INFO - ✓ 删除成功: 640_14.webp
2025-11-01 15:46:07,810 - INFO - ✓ 删除成功: 640_15.webp
2025-11-01 15:46:07,811 - INFO - ✓ 删除成功: 640_16.webp
2025-11-01 15:46:07,820 - INFO - ✓ 删除成功: 640_17.webp
2025-11-01 15:46:07,821 - INFO - ✓ 删除成功: 640_18.webp
2025-11-01 15:46:07,822 - INFO - ✓ 删除成功: 640_19.webp
2025-11-01 15:46:07,824 - INFO - ✓ 删除成功: 640_2.webp
2025-11-01 15:46:07,825 - INFO - ✓ 删除成功: 640_20.webp
2025-11-01 15:46:07,826 - INFO - ✓ 删除成功: 640_21.webp
2025-11-01 15:46:07,828 - INFO - ✓ 删除成功: 640_22.webp
2025-11-01 15:46:07,829 - INFO - ✓ 删除成功: 640_23.webp
2025-11-01 15:46:07,830 - INFO - ✓ 删除成功: 640_24.webp
2025-11-01 15:46:07,832 - INFO - ✓ 删除成功: 640_25.webp
2025-11-01 15:46:07,833 - INFO - ✓ 删除成功: 640_26.webp
2025-11-01 15:46:07,834 - INFO - ✓ 删除成功: 640_27.webp
2025-11-01 15:46:07,835 - INFO - ✓ 删除成功: 640_28.webp
2025-11-01 15:46:07,837 - INFO - ✓ 删除成功: 640_29.webp
2025-11-01 15:46:07,838 - INFO - ✓ 删除成功: 640_3.webp
2025-11-01 15:46:07,840 - INFO - ✓ 删除成功: 640_30.webp
2025-11-01 15:46:07,841 - INFO - ✓ 删除成功: 640_31.webp
2025-11-01 15:46:07,842 - INFO - ✓ 删除成功: 640_32.webp
2025-11-01 15:46:07,844 - INFO - ✓ 删除成功: 640_33.webp
2025-11-01 15:46:07,845 - INFO - ✓ 删除成功: 640_34.webp
2025-11-01 15:46:07,846 - INFO - ✓ 删除成功: 640_35.webp
2025-11-01 15:46:07,847 - INFO - ✓ 删除成功: 640_36.webp
2025-11-01 15:46:07,850 - INFO - ✓ 删除成功: 640_37.webp
2025-11-01 15:46:07,852 - INFO - ✓ 删除成功: 640_38.webp
2025-11-01 15:46:07,854 - INFO - ✓ 删除成功: 640_39.webp
2025-11-01 15:46:07,855 - INFO - ✓ 删除成功: 640_4.webp
2025-11-01 15:46:07,856 - INFO - ✓ 删除成功: 640_40.webp
2025-11-01 15:46:07,857 - INFO - ✓ 删除成功: 640_41.webp
2025-11-01 15:46:07,858 - INFO - ✓ 删除成功: 640_42.webp
2025-11-01 15:46:07,859 - INFO - ✓ 删除成功: 640_43.webp
2025-11-01 15:46:07,861 - INFO - ✓ 删除成功: 640_44.webp
2025-11-01 15:46:07,862 - INFO - ✓ 删除成功: 640_45.webp
2025-11-01 15:46:07,863 - INFO - ✓ 删除成功: 640_46.webp
2025-11-01 15:46:07,866 - INFO - ✓ 删除成功: 640_5.webp
2025-11-01 15:46:07,868 - INFO - ✓ 删除成功: 640_6.webp
2025-11-01 15:46:07,869 - INFO - ✓ 删除成功: 640_7.webp
2025-11-01 15:46:07,870 - INFO - ✓ 删除成功: 640_8.webp
2025-11-01 15:46:07,871 - INFO - ✓ 删除成功: 640_9.webp
2025-11-01 15:46:12,138 - INFO - 删除操作完成 - 成功: 47, 失败: 0
2025-11-01 15:51:58,836 - INFO - 应用程序关闭
